<?xml version="1.0" encoding="UTF-8"?>
<testsuite xmlns:xsi="http://www.w3.org/2001/XMLSchema-instance" xsi:noNamespaceSchemaLocation="https://maven.apache.org/surefire/maven-surefire-plugin/xsd/surefire-test-report.xsd" version="3.0.2" name="com.videoflow.upload.integration.UploadFlowIntegrationTest" time="6.426" tests="1" errors="1" skipped="0" failures="0" flakes="0">
  <properties>
[...]
</properties>
  <testcase name="" classname="com.videoflow.upload.integration.UploadFlowIntegrationTest" time="6.426">
    <error message="Can&apos;t get Docker image: RemoteDockerImage(imageName=minio/minio:RELEASE.2025-04-22T22-12-26Z, imagePullPolicy=DefaultPullPolicy(), imageNameSubstitutor=org.testcontainers.utility.ImageNameSubstitutor$LogWrappedImageNameSubstitutor@3002e397)" type="org.testcontainers.containers.ContainerFetchException"><![CDATA[org.testcontainers.containers.ContainerFetchException: Can't get Docker image: RemoteDockerImage(imageName=minio/minio:RELEASE.2025-04-22T22-12-26Z, imagePullPolicy=DefaultPullPolicy(), imageNameSubstitutor=org.testcontainers.utility.ImageNameSubstitutor$LogWrappedImageNameSubstitutor@3002e397)
	at org.testcontainers.containers.GenericContainer.getDockerImageName(GenericContainer.java:1364)
	at org.testcontainers.containers.GenericContainer.doStart(GenericContainer.java:351)
	at org.testcontainers.containers.GenericContainer.start(GenericContainer.java:322)
	at org.testcontainers.junit.jupiter.TestcontainersExtension$StoreAdapter.start(TestcontainersExtension.java:276)
	at org.testcontainers.junit.jupiter.TestcontainersExtension$StoreAdapter.access$200(TestcontainersExtension.java:263)
	at org.testcontainers.junit.jupiter.TestcontainersExtension.lambda$startContainers$4(TestcontainersExtension.java:83)
	at org.testcontainers.junit.jupiter.TestcontainersExtension.lambda$startContainers$5(TestcontainersExtension.java:83)
	at java.base/java.util.ArrayList.forEach(ArrayList.java:1596)
	at org.testcontainers.junit.jupiter.TestcontainersExtension.startContainers(TestcontainersExtension.java:83)
	at org.testcontainers.junit.jupiter.TestcontainersExtension.beforeAll(TestcontainersExtension.java:57)
	at java.base/java.util.ArrayList.forEach(ArrayList.java:1596)
Caused by: com.github.dockerjava.api.exception.NotFoundException: Status 404: {"message":"pull access denied for minio/minio, repository does not exist or may require 'docker login'"}

	at org.testcontainers.shaded.com.github.dockerjava.core.DefaultInvocationBuilder.execute(DefaultInvocationBuilder.java:241)
	at org.testcontainers.shaded.com.github.dockerjava.core.DefaultInvocationBuilder.lambda$executeAndStream$1(DefaultInvocationBuilder.java:269)
	at java.base/java.lang.Thread.run(Thread.java:1583)
]]></error>
    <system-out><![CDATA[14:04:13.397 [main] INFO org.testcontainers.DockerClientFactory -- Testcontainers version: 1.21.2
14:04:13.864 [main] INFO org.testcontainers.dockerclient.DockerClientProviderStrategy -- Loaded org.testcontainers.dockerclient.NpipeSocketClientProviderStrategy from ~/.testcontainers.properties, will try it first
14:04:14.240 [main] INFO org.testcontainers.dockerclient.DockerClientProviderStrategy -- Found Docker environment with local Npipe socket (npipe:////./pipe/docker_engine)
14:04:14.244 [main] INFO org.testcontainers.DockerClientFactory -- Docker host IP address is localhost
14:04:14.266 [main] INFO org.testcontainers.DockerClientFactory -- Connected to docker: 
  Server Version: 29.1.2
  API Version: 1.52
  Operating System: Docker Desktop
  Total Memory: 7784 MB
  Labels: 
    com.docker.desktop.address=npipe://\\.\pipe\docker_cli
14:04:14.284 [main] INFO org.testcontainers.images.PullPolicy -- Image pull policy will be performed by: DefaultPullPolicy()
14:04:14.286 [main] INFO org.testcontainers.utility.ImageNameSubstitutor -- Image name substitution will be performed by: DefaultImageNameSubstitutor (composite of 'ConfigurationFileImageNameSubstitutor' and 'PrefixingImageNameSubstitutor')
14:04:14.715 [main] INFO tc.testcontainers/ryuk:0.12.0 -- Creating container for image: testcontainers/ryuk:0.12.0
14:04:15.059 [main] INFO tc.testcontainers/ryuk:0.12.0 -- Container testcontainers/ryuk:0.12.0 is starting: 0a4827f8753d9f4810a707ae8e23b8fe5a5f188d8c3c4f70c04e0ac07175e8c2
14:04:15.620 [main] INFO tc.testcontainers/ryuk:0.12.0 -- Container testcontainers/ryuk:0.12.0 started in PT0.9046768S
14:04:15.631 [main] INFO org.testcontainers.utility.RyukResourceReaper -- Ryuk started - will monitor and terminate Testcontainers containers on JVM exit
14:04:15.632 [main] INFO org.testcontainers.DockerClientFactory -- Checking the system...
14:04:15.632 [main] INFO org.testcontainers.DockerClientFactory -- ✔︎ Docker server version should be at least 1.6.0
14:04:15.720 [main] INFO org.springframework.test.context.support.AnnotationConfigContextLoaderUtils -- Could not detect default configuration classes for test class [com.videoflow.upload.integration.UploadFlowIntegrationTest]: UploadFlowIntegrationTest does not declare any static, non-private, non-final, nested classes annotated with @Configuration.
14:04:15.991 [main] INFO org.springframework.boot.test.context.SpringBootTestContextBootstrapper -- Found @SpringBootConfiguration com.videoflow.upload.UploadApiApplication for test class com.videoflow.upload.integration.UploadFlowIntegrationTest
14:04:16.086 [main] INFO tc.postgres:16-alpine -- Creating container for image: postgres:16-alpine
14:04:16.186 [main] INFO tc.postgres:16-alpine -- Container postgres:16-alpine is starting: e7d2d5f0b1fb605e3d1ca03bde1fe0af6b3a09ff8c6cd9c876e6acbecb5816ba
14:04:17.790 [main] INFO tc.postgres:16-alpine -- Container postgres:16-alpine started in PT1.7036714S
14:04:17.791 [main] INFO tc.postgres:16-alpine -- Container is started (JDBC URL: jdbc:postgresql://localhost:51138/uploads?loggerLevel=OFF)
14:04:17.814 [main] INFO tc.minio/minio:RELEASE.2025-04-22T22-12-26Z -- Pulling docker image: minio/minio:RELEASE.2025-04-22T22-12-26Z. Please be patient; this may take some time but only needs to be done once.
14:04:18.768 [docker-java-stream-1578151194] ERROR com.github.dockerjava.api.async.ResultCallbackTemplate -- Error during callback
com.github.dockerjava.api.exception.NotFoundException: Status 404: {"message":"pull access denied for minio/minio, repository does not exist or may require 'docker login'"}

	at org.testcontainers.shaded.com.github.dockerjava.core.DefaultInvocationBuilder.execute(DefaultInvocationBuilder.java:241)
	at org.testcontainers.shaded.com.github.dockerjava.core.DefaultInvocationBuilder.lambda$executeAndStream$1(DefaultInvocationBuilder.java:269)
	at java.base/java.lang.Thread.run(Thread.java:1583)
14:04:20.140 [docker-java-stream--767682091] ERROR com.github.dockerjava.api.async.ResultCallbackTemplate -- Error during callback
com.github.dockerjava.api.exception.NotFoundException: Status 404: {"message":"pull access denied for minio/minio, repository does not exist or may require 'docker login'"}

	at org.testcontainers.shaded.com.github.dockerjava.core.DefaultInvocationBuilder.execute(DefaultInvocationBuilder.java:241)
	at org.testcontainers.shaded.com.github.dockerjava.core.DefaultInvocationBuilder.lambda$executeAndStream$1(DefaultInvocationBuilder.java:269)
	at java.base/java.lang.Thread.run(Thread.java:1583)
14:04:20.153 [main] INFO tc.minio/minio:RELEASE.2025-04-22T22-12-26Z -- Pulling docker image: minio/minio:RELEASE.2025-04-22T22-12-26Z. Please be patient; this may take some time but only needs to be done once.
14:04:20.971 [docker-java-stream-1578151194] ERROR com.github.dockerjava.api.async.ResultCallbackTemplate -- Error during callback
com.github.dockerjava.api.exception.NotFoundException: Status 404: {"message":"pull access denied for minio/minio, repository does not exist or may require 'docker login'"}

	at org.testcontainers.shaded.com.github.dockerjava.core.DefaultInvocationBuilder.execute(DefaultInvocationBuilder.java:241)
	at org.testcontainers.shaded.com.github.dockerjava.core.DefaultInvocationBuilder.lambda$executeAndStream$1(DefaultInvocationBuilder.java:269)
	at java.base/java.lang.Thread.run(Thread.java:1583)
14:04:21.643 [docker-java-stream--767682091] ERROR com.github.dockerjava.api.async.ResultCallbackTemplate -- Error during callback
com.github.dockerjava.api.exception.NotFoundException: Status 404: {"message":"pull access denied for minio/minio, repository does not exist or may require 'docker login'"}

	at org.testcontainers.shaded.com.github.dockerjava.core.DefaultInvocationBuilder.execute(DefaultInvocationBuilder.java:241)
	at org.testcontainers.shaded.com.github.dockerjava.core.DefaultInvocationBuilder.lambda$executeAndStream$1(DefaultInvocationBuilder.java:269)
	at java.base/java.lang.Thread.run(Thread.java:1583)
]]></system-out>
  </testcase>
</testsuite>